Build started 2015-01-17 13:45:52.
     1>Project "C:\Users\user\Desktop\kwolek\DepthToCloud\DepthBasics-D2D.vcxproj" on node 2 (Build target(s)).
     1>ClCompile:
         C:\Program Files (x86)\Microsoft Visual Studio 11.0\VC\bin\CL.exe /c /ZI /nologo /W3 /WX- /Od /Oy- /D WIN32 /D _DEBUG /D _WINDOWS /D _UNICODE /D UNICODE /Gm /EHsc /RTC1 /MTd /GS /fp:precise /Zc:wchar_t /Zc:forScope /Fo"Debug\\" /Fd"Debug\vc110.pdb" /Gd /TP /analyze- /errorReport:prompt DepthBasics.cpp DepthHelper.cpp
         DepthHelper.cpp
         Generating Code...
         Compiling...
         DepthBasics.cpp
         Generating Code...
       ResourceCompile:
         C:\Program Files (x86)\Windows Kits\8.0\bin\x86\rc.exe /D _UNICODE /D UNICODE /l"0x0409" /nologo /fo"Debug\DepthBasics.res" DepthBasics.rc 
       Link:
         C:\Program Files (x86)\Microsoft Visual Studio 11.0\VC\bin\link.exe /ERRORREPORT:PROMPT /OUT:"C:\Users\user\Desktop\kwolek\DepthToCloud\Debug\DepthBasics-D2D.exe" /INCREMENTAL /NOLOGO kernel32.lib user32.lib winspool.lib comdlg32.lib advapi32.lib shell32.lib ole32.lib oleaut32.lib uuid.lib odbc32.lib odbccp32.lib Kinect10.lib kernel32.lib user32.lib gdi32.lib winspool.lib comdlg32.lib advapi32.lib shell32.lib ole32.lib oleaut32.lib uuid.lib odbc32.lib odbccp32.lib /MANIFEST /MANIFESTUAC:"level='asInvoker' uiAccess='false'" /manifest:embed /DEBUG /PDB:"C:\Users\user\Desktop\kwolek\DepthToCloud\Debug\DepthBasics-D2D.pdb" /SUBSYSTEM:WINDOWS /STACK:"10000000","10000000" /TLBID:1 /DYNAMICBASE /NXCOMPAT /IMPLIB:"C:\Users\user\Desktop\kwolek\DepthToCloud\Debug\DepthBasics-D2D.lib" /MACHINE:X86 Debug\DepthBasics.res
         Debug\DepthHelper.obj
         Debug\ImageRenderer.obj
         Debug\DepthBasics.obj
         DepthBasics-D2D.vcxproj -> C:\Users\user\Desktop\kwolek\DepthToCloud\Debug\DepthBasics-D2D.exe
     1>Done Building Project "C:\Users\user\Desktop\kwolek\DepthToCloud\DepthBasics-D2D.vcxproj" (Build target(s)).

Build succeeded.

Time Elapsed 00:00:05.44
